<?xml version="1.0" encoding="UTF-8"?>
<coverage generated="1602158529745" clover="3.2.0">
  <project timestamp="1602158529745" name="All files">
    <metrics statements="37" coveredstatements="36" conditionals="10" coveredconditionals="10" methods="13" coveredmethods="12" elements="60" coveredelements="58" complexity="0" loc="37" ncloc="37" packages="1" files="4" classes="4"/>
    <file name="Airport.js" path="/Users/isabellaaston/Desktop/WhiteHat/airports/Airport.js">
      <metrics statements="12" coveredstatements="12" conditionals="2" coveredconditionals="2" methods="4" coveredmethods="4"/>
      <line num="2" count="1" type="stmt"/>
      <line num="4" count="5" type="cond" truecount="2" falsecount="0"/>
      <line num="5" count="4" type="stmt"/>
      <line num="6" count="4" type="stmt"/>
      <line num="7" count="4" type="stmt"/>
      <line num="11" count="2" type="stmt"/>
      <line num="15" count="1" type="stmt"/>
      <line num="16" count="1" type="stmt"/>
      <line num="17" count="1" type="stmt"/>
      <line num="18" count="4" type="stmt"/>
      <line num="19" count="1" type="stmt"/>
      <line num="23" count="1" type="stmt"/>
    </file>
    <file name="Bag.js" path="/Users/isabellaaston/Desktop/WhiteHat/airports/Bag.js">
      <metrics statements="3" coveredstatements="3" conditionals="2" coveredconditionals="2" methods="1" coveredmethods="1"/>
      <line num="3" count="6" type="cond" truecount="2" falsecount="0"/>
      <line num="4" count="5" type="stmt"/>
      <line num="8" count="3" type="stmt"/>
    </file>
    <file name="Person.js" path="/Users/isabellaaston/Desktop/WhiteHat/airports/Person.js">
      <metrics statements="6" coveredstatements="5" conditionals="0" coveredconditionals="0" methods="4" coveredmethods="3"/>
      <line num="3" count="14" type="stmt"/>
      <line num="4" count="14" type="stmt"/>
      <line num="7" count="4" type="stmt"/>
      <line num="13" count="1" type="stmt"/>
      <line num="19" count="0" type="stmt"/>
      <line num="23" count="3" type="stmt"/>
    </file>
    <file name="Plane.js" path="/Users/isabellaaston/Desktop/WhiteHat/airports/Plane.js">
      <metrics statements="16" coveredstatements="16" conditionals="6" coveredconditionals="6" methods="4" coveredmethods="4"/>
      <line num="1" count="2" type="stmt"/>
      <line num="5" count="7" type="stmt"/>
      <line num="6" count="7" type="stmt"/>
      <line num="7" count="7" type="stmt"/>
      <line num="8" count="7" type="stmt"/>
      <line num="9" count="7" type="stmt"/>
      <line num="12" count="4" type="cond" truecount="2" falsecount="0"/>
      <line num="13" count="3" type="stmt"/>
      <line num="16" count="1" type="stmt"/>
      <line num="20" count="5" type="cond" truecount="2" falsecount="0"/>
      <line num="21" count="4" type="stmt"/>
      <line num="24" count="1" type="stmt"/>
      <line num="29" count="9" type="cond" truecount="2" falsecount="0"/>
      <line num="30" count="4" type="stmt"/>
      <line num="32" count="5" type="stmt"/>
      <line num="37" count="2" type="stmt"/>
    </file>
  </project>
</coverage>
