TN:
SF:Airport.js
FN:3,(anonymous_0)
FN:10,(anonymous_1)
FN:14,(anonymous_2)
FN:18,(anonymous_3)
FNF:4
FNH:4
FNDA:5,(anonymous_0)
FNDA:2,(anonymous_1)
FNDA:1,(anonymous_2)
FNDA:4,(anonymous_3)
DA:2,1
DA:4,5
DA:5,4
DA:6,4
DA:7,4
DA:11,2
DA:15,1
DA:16,1
DA:17,1
DA:18,4
DA:19,1
DA:23,1
LF:12
LH:12
BRDA:4,0,0,1
BRDA:4,0,1,4
BRF:2
BRH:2
end_of_record
TN:
SF:Bag.js
FN:2,(anonymous_0)
FNF:1
FNH:1
FNDA:6,(anonymous_0)
DA:3,6
DA:4,5
DA:8,3
LF:3
LH:3
BRDA:3,0,0,1
BRDA:3,0,1,5
BRF:2
BRH:2
end_of_record
TN:
SF:Person.js
FN:2,(anonymous_0)
FN:6,(anonymous_1)
FN:12,(anonymous_2)
FN:18,(anonymous_3)
FNF:4
FNH:3
FNDA:14,(anonymous_0)
FNDA:4,(anonymous_1)
FNDA:1,(anonymous_2)
FNDA:0,(anonymous_3)
DA:3,14
DA:4,14
DA:7,4
DA:13,1
DA:19,0
DA:23,3
LF:6
LH:5
BRF:0
BRH:0
end_of_record
TN:
SF:Plane.js
FN:4,(anonymous_0)
FN:11,(anonymous_1)
FN:19,(anonymous_2)
FN:28,(anonymous_3)
FNF:4
FNH:4
FNDA:7,(anonymous_0)
FNDA:4,(anonymous_1)
FNDA:5,(anonymous_2)
FNDA:9,(anonymous_3)
DA:1,2
DA:5,7
DA:6,7
DA:7,7
DA:8,7
DA:9,7
DA:12,4
DA:13,3
DA:16,1
DA:20,5
DA:21,4
DA:24,1
DA:29,9
DA:30,4
DA:32,5
DA:37,2
LF:16
LH:16
BRDA:12,0,0,3
BRDA:12,0,1,1
BRDA:20,1,0,4
BRDA:20,1,1,1
BRDA:29,2,0,4
BRDA:29,2,1,5
BRF:6
BRH:6
end_of_record
